{
  "RSpec": {
    "coverage": {
      "/home/hungbui/workspaces/rails7.1/blog/app/models/brand.rb": {
        "lines": [
          1,
          1,
          null
        ]
      },
      "/home/hungbui/workspaces/rails7.1/blog/app/models/application_record.rb": {
        "lines": [
          1,
          1,
          null
        ]
      },
      "/home/hungbui/workspaces/rails7.1/blog/spec/models/comment_spec.rb": {
        "lines": [
          1,
          null,
          1,
          1,
          2,
          null,
          null
        ]
      },
      "/home/hungbui/workspaces/rails7.1/blog/app/models/comment.rb": {
        "lines": [
          1,
          1,
          null
        ]
      },
      "/home/hungbui/workspaces/rails7.1/blog/app/models/country.rb": {
        "lines": [
          1,
          1,
          null
        ]
      },
      "/home/hungbui/workspaces/rails7.1/blog/app/models/article.rb": {
        "lines": [
          1,
          null
        ]
      }
    },
    "timestamp": 1726379212
  }
}
